{
  "uid" : "d1203875950e44e0",
  "name" : "Create new label for authorized user",
  "fullName" : "Labels: Create new label for authorized user",
  "historyId" : "e509c4c6de4e5cecb9d9ec918f3c625b",
  "time" : {
    "start" : 1601527598899,
    "stop" : 1601527598908,
    "duration" : 9
  },
  "status" : "broken",
  "statusMessage" : "Element not found for xpath [//div[@class='something']]",
  "statusTrace" : "java.lang.RuntimeException: Element not found for xpath [//div[@class='something']]\n\tat io.qameta.allure.examples.cucumber5.WebSteps.maybeThrowElementNotFoundException(WebSteps.java:89)\n\tat io.qameta.allure.examples.cucumber5.WebSteps.createLabelWithTitle(WebSteps.java:29)\n\tat ✽.I create label with title \"hello\"(file:///home/runner/work/allure-cucumber5-junit4-maven/allure-cucumber5-junit4-maven/src/test/resources/features/labels-web.feature:11)\n",
  "flaky" : false,
  "newFailed" : false,
  "beforeStages" : [ ],
  "testStage" : {
    "status" : "broken",
    "statusMessage" : "Element not found for xpath [//div[@class='something']]",
    "statusTrace" : "java.lang.RuntimeException: Element not found for xpath [//div[@class='something']]\n\tat io.qameta.allure.examples.cucumber5.WebSteps.maybeThrowElementNotFoundException(WebSteps.java:89)\n\tat io.qameta.allure.examples.cucumber5.WebSteps.createLabelWithTitle(WebSteps.java:29)\n\tat ✽.I create label with title \"hello\"(file:///home/runner/work/allure-cucumber5-junit4-maven/allure-cucumber5-junit4-maven/src/test/resources/features/labels-web.feature:11)\n",
    "steps" : [ {
      "name" : "When  I open labels page",
      "time" : {
        "start" : 1601527598899,
        "stop" : 1601527598900,
        "duration" : 1
      },
      "status" : "passed",
      "steps" : [ ],
      "attachments" : [ ],
      "parameters" : [ ],
      "attachmentsCount" : 0,
      "shouldDisplayMessage" : false,
      "hasContent" : false,
      "stepsCount" : 0
    }, {
      "name" : "And  I create label with title \"hello\"",
      "time" : {
        "start" : 1601527598902,
        "stop" : 1601527598904,
        "duration" : 2
      },
      "status" : "broken",
      "statusMessage" : "Element not found for xpath [//div[@class='something']]",
      "statusTrace" : "java.lang.RuntimeException: Element not found for xpath [//div[@class='something']]\n\tat io.qameta.allure.examples.cucumber5.WebSteps.maybeThrowElementNotFoundException(WebSteps.java:89)\n\tat io.qameta.allure.examples.cucumber5.WebSteps.createLabelWithTitle(WebSteps.java:29)\n\tat ✽.I create label with title \"hello\"(file:///home/runner/work/allure-cucumber5-junit4-maven/allure-cucumber5-junit4-maven/src/test/resources/features/labels-web.feature:11)\n",
      "steps" : [ ],
      "attachments" : [ ],
      "parameters" : [ ],
      "attachmentsCount" : 0,
      "shouldDisplayMessage" : true,
      "hasContent" : true,
      "stepsCount" : 0
    }, {
      "name" : "Then  I should see label with title \"hello\"",
      "time" : {
        "start" : 1601527598904,
        "stop" : 1601527598905,
        "duration" : 1
      },
      "status" : "skipped",
      "steps" : [ ],
      "attachments" : [ ],
      "parameters" : [ ],
      "attachmentsCount" : 0,
      "shouldDisplayMessage" : false,
      "hasContent" : false,
      "stepsCount" : 0
    } ],
    "attachments" : [ ],
    "parameters" : [ ],
    "attachmentsCount" : 0,
    "shouldDisplayMessage" : false,
    "hasContent" : true,
    "stepsCount" : 3
  },
  "afterStages" : [ ],
  "labels" : [ {
    "name" : "tag",
    "value" : "regress"
  }, {
    "name" : "severity",
    "value" : "critical"
  }, {
    "name" : "host",
    "value" : "fv-az67"
  }, {
    "name" : "thread",
    "value" : "5094@fv-az67.main(1)"
  }, {
    "name" : "feature",
    "value" : "Labels"
  }, {
    "name" : "story",
    "value" : "Create new label for authorized user"
  }, {
    "name" : "suite",
    "value" : "Labels"
  }, {
    "name" : "testClass",
    "value" : "Create new label for authorized user"
  }, {
    "name" : "framework",
    "value" : "cucumber4jvm"
  }, {
    "name" : "language",
    "value" : "java"
  }, {
    "name" : "gherkin_uri",
    "value" : "file:///home/runner/work/allure-cucumber5-junit4-maven/allure-cucumber5-junit4-maven/src/test/resources/features/labels-web.feature"
  }, {
    "name" : "package",
    "value" : "src.test.resources.features.labels-web_feature.Labels"
  }, {
    "name" : "resultFormat",
    "value" : "allure2"
  } ],
  "parameters" : [ ],
  "links" : [ ],
  "hidden" : false,
  "retry" : false,
  "extra" : {
    "severity" : "critical",
    "retries" : [ ],
    "categories" : [ {
      "name" : "Test defects",
      "matchedStatuses" : [ ],
      "flaky" : false
    } ],
    "history" : {
      "statistic" : {
        "failed" : 0,
        "broken" : 1,
        "skipped" : 0,
        "passed" : 1,
        "unknown" : 0,
        "total" : 2
      },
      "items" : [ {
        "uid" : "243d308755513475",
        "reportUrl" : "https://allure-examples.github.io/allure-cucumber5-junit4-maven/1//#testresult/243d308755513475",
        "status" : "passed",
        "time" : {
          "start" : 1598459533250,
          "stop" : 1598459533263,
          "duration" : 13
        }
      } ]
    },
    "tags" : [ "regress" ]
  },
  "source" : "d1203875950e44e0.json",
  "parameterValues" : [ ]
}